[2024-01-11 21:40:15:404 ] [32m[main][0;39m [34mINFO [0;39m [1;37m[org.springframework.boot.StartupInfoLogger.logStarting:[33m51[0;39m][0;39m - Starting DoonutAppExternalApiApplicationKt using Java 19.0.1 with PID 17277 (/Users/limjickchan/Desktop/프로젝트/doonut/doonut-app-external-api/build/classes/kotlin/main started by limjickchan in /Users/limjickchan/Desktop/프로젝트/doonut)
[2024-01-11 21:40:15:406 ] [32m[main][0;39m [34mINFO [0;39m [1;37m[org.springframework.boot.SpringApplication.logStartupProfileInfo:[33m644[0;39m][0;39m - The following 1 profile is active: "prod"
[2024-01-11 21:40:15:863 ] [32m[main][0;39m [34mINFO [0;39m [1;37m[org.springframework.data.repository.config.RepositoryConfigurationDelegate.registerRepositoriesIn:[33m138[0;39m][0;39m - Bootstrapping Spring Data JPA repositories in DEFAULT mode.
[2024-01-11 21:40:15:943 ] [32m[main][0;39m [34mINFO [0;39m [1;37m[org.springframework.data.repository.config.RepositoryConfigurationDelegate.registerRepositoriesIn:[33m208[0;39m][0;39m - Finished Spring Data repository scanning in 77 ms. Found 2 JPA repository interfaces.
[2024-01-11 21:40:16:1191] [32m[main][0;39m [34mINFO [0;39m [1;37m[org.springframework.boot.web.embedded.tomcat.TomcatWebServer.initialize:[33m108[0;39m][0;39m - Tomcat initialized with port(s): 8081 (http)
[2024-01-11 21:40:16:1195] [32m[main][0;39m [34mINFO [0;39m [1;37m[org.apache.juli.logging.DirectJDKLog.log:[33m173[0;39m][0;39m - Initializing ProtocolHandler ["http-nio-8081"]
[2024-01-11 21:40:16:1196] [32m[main][0;39m [34mINFO [0;39m [1;37m[org.apache.juli.logging.DirectJDKLog.log:[33m173[0;39m][0;39m - Starting service [Tomcat]
[2024-01-11 21:40:16:1196] [32m[main][0;39m [34mINFO [0;39m [1;37m[org.apache.juli.logging.DirectJDKLog.log:[33m173[0;39m][0;39m - Starting Servlet engine: [Apache Tomcat/10.1.15]
[2024-01-11 21:40:16:1234] [32m[main][0;39m [34mINFO [0;39m [1;37m[org.apache.juli.logging.DirectJDKLog.log:[33m173[0;39m][0;39m - Initializing Spring embedded WebApplicationContext
[2024-01-11 21:40:16:1234] [32m[main][0;39m [34mINFO [0;39m [1;37m[org.springframework.boot.web.servlet.context.ServletWebServerApplicationContext.prepareWebApplicationContext:[33m291[0;39m][0;39m - Root WebApplicationContext: initialization completed in 791 ms
[2024-01-11 21:40:16:1310] [32m[main][0;39m [34mINFO [0;39m [1;37m[org.hibernate.jpa.internal.util.LogHelper.logPersistenceUnitInformation:[33m31[0;39m][0;39m - HHH000204: Processing PersistenceUnitInfo [name: default]
[2024-01-11 21:40:16:1339] [32m[main][0;39m [34mINFO [0;39m [1;37m[org.hibernate.Version.logVersion:[33m44[0;39m][0;39m - HHH000412: Hibernate ORM core version 6.2.13.Final
[2024-01-11 21:40:16:1341] [32m[main][0;39m [34mINFO [0;39m [1;37m[org.hibernate.cfg.Environment.<clinit>:[33m191[0;39m][0;39m - HHH000406: Using bytecode reflection optimizer
[2024-01-11 21:40:16:1484] [32m[main][0;39m [34mINFO [0;39m [1;37m[org.springframework.orm.jpa.persistenceunit.SpringPersistenceUnitInfo.addTransformer:[33m87[0;39m][0;39m - No LoadTimeWeaver setup: ignoring JPA class transformer
[2024-01-11 21:40:16:1498] [32m[main][0;39m [34mINFO [0;39m [1;37m[com.zaxxer.hikari.HikariDataSource.getConnection:[33m110[0;39m][0;39m - HikariPool-1 - Starting...
[2024-01-11 21:40:16:1588] [32m[main][0;39m [34mINFO [0;39m [1;37m[com.zaxxer.hikari.pool.HikariPool.checkFailFast:[33m565[0;39m][0;39m - HikariPool-1 - Added connection conn0: url=jdbc:h2:mem:doonut-test user=SA
[2024-01-11 21:40:16:1589] [32m[main][0;39m [34mINFO [0;39m [1;37m[com.zaxxer.hikari.HikariDataSource.getConnection:[33m123[0;39m][0;39m - HikariPool-1 - Start completed.
[2024-01-11 21:40:17:2087] [32m[main][0;39m [34mINFO [0;39m [1;37m[org.hibernate.engine.transaction.jta.platform.internal.JtaPlatformInitiator.initiateService:[33m55[0;39m][0;39m - HHH000489: No JTA platform available (set 'hibernate.transaction.jta.platform' to enable JTA platform integration)
[2024-01-11 21:40:17:2089] [32m[main][0;39m [34mINFO [0;39m [1;37m[org.springframework.orm.jpa.AbstractEntityManagerFactoryBean.buildNativeEntityManagerFactory:[33m437[0;39m][0;39m - Initialized JPA EntityManagerFactory for persistence unit 'default'
[2024-01-11 21:40:17:2241] [32m[main][0;39m [34mINFO [0;39m [1;37m[org.springframework.data.jpa.repository.query.QueryEnhancerFactory.<clinit>:[33m47[0;39m][0;39m - Hibernate is in classpath; If applicable, HQL parser will be used.
[2024-01-11 21:40:17:2900] [32m[main][0;39m [34mINFO [0;39m [1;37m[org.apache.juli.logging.DirectJDKLog.log:[33m173[0;39m][0;39m - Starting ProtocolHandler ["http-nio-8081"]
[2024-01-11 21:40:17:2911] [32m[main][0;39m [34mINFO [0;39m [1;37m[org.springframework.boot.web.embedded.tomcat.TomcatWebServer.start:[33m220[0;39m][0;39m - Tomcat started on port(s): 8081 (http) with context path ''
[2024-01-11 21:40:17:2917] [32m[main][0;39m [34mINFO [0;39m [1;37m[org.springframework.boot.StartupInfoLogger.logStarted:[33m57[0;39m][0;39m - Started DoonutAppExternalApiApplicationKt in 2.833 seconds (process running for 3.384)
[2024-01-11 21:40:21:6508] [32m[http-nio-8081-exec-2][0;39m [34mINFO [0;39m [1;37m[org.apache.juli.logging.DirectJDKLog.log:[33m173[0;39m][0;39m - Initializing Spring DispatcherServlet 'dispatcherServlet'
[2024-01-11 21:40:21:6509] [32m[http-nio-8081-exec-2][0;39m [34mINFO [0;39m [1;37m[org.springframework.web.servlet.FrameworkServlet.initServletBean:[33m532[0;39m][0;39m - Initializing Servlet 'dispatcherServlet'
[2024-01-11 21:40:21:6509] [32m[http-nio-8081-exec-2][0;39m [34mINFO [0;39m [1;37m[org.springframework.web.servlet.FrameworkServlet.initServletBean:[33m554[0;39m][0;39m - Completed initialization in 0 ms
[2024-01-11 21:40:21:6520] [32m[http-nio-8081-exec-2][0;39m [34mINFO [0;39m [1;37m[com.doonutmate.example.service.LogService.log:[33m13[0;39m][0;39m - Info
[2024-01-11 21:42:59:164386] [32m[http-nio-8081-exec-5][0;39m [34mINFO [0;39m [1;37m[com.doonutmate.example.service.LogService.log:[33m13[0;39m][0;39m - Info
[2024-01-11 21:46:10:355458] [32m[SpringApplicationShutdownHook][0;39m [34mINFO [0;39m [1;37m[org.springframework.orm.jpa.AbstractEntityManagerFactoryBean.destroy:[33m650[0;39m][0;39m - Closing JPA EntityManagerFactory for persistence unit 'default'
[2024-01-11 21:46:10:355460] [32m[SpringApplicationShutdownHook][0;39m [34mINFO [0;39m [1;37m[com.zaxxer.hikari.HikariDataSource.close:[33m350[0;39m][0;39m - HikariPool-1 - Shutdown initiated...
[2024-01-11 21:46:10:355461] [32m[SpringApplicationShutdownHook][0;39m [34mINFO [0;39m [1;37m[com.zaxxer.hikari.HikariDataSource.close:[33m352[0;39m][0;39m - HikariPool-1 - Shutdown completed.
