[2024-01-11 21:46:12:352 ] [32m[main][0;39m [34mINFO [0;39m [1;37m[org.springframework.boot.StartupInfoLogger.logStarting:[33m51[0;39m][0;39m - Starting DoonutAppExternalApiApplicationKt using Java 19.0.1 with PID 19366 (/Users/limjickchan/Desktop/프로젝트/doonut/doonut-app-external-api/build/classes/kotlin/main started by limjickchan in /Users/limjickchan/Desktop/프로젝트/doonut)
[2024-01-11 21:46:12:353 ] [32m[main][0;39m [34mINFO [0;39m [1;37m[org.springframework.boot.SpringApplication.logStartupProfileInfo:[33m644[0;39m][0;39m - The following 1 profile is active: "prod"
[2024-01-11 21:46:12:740 ] [32m[main][0;39m [34mINFO [0;39m [1;37m[org.springframework.data.repository.config.RepositoryConfigurationDelegate.registerRepositoriesIn:[33m138[0;39m][0;39m - Bootstrapping Spring Data JPA repositories in DEFAULT mode.
[2024-01-11 21:46:12:821 ] [32m[main][0;39m [34mINFO [0;39m [1;37m[org.springframework.data.repository.config.RepositoryConfigurationDelegate.registerRepositoriesIn:[33m208[0;39m][0;39m - Finished Spring Data repository scanning in 77 ms. Found 2 JPA repository interfaces.
[2024-01-11 21:46:13:1087] [32m[main][0;39m [34mINFO [0;39m [1;37m[org.springframework.boot.web.embedded.tomcat.TomcatWebServer.initialize:[33m108[0;39m][0;39m - Tomcat initialized with port(s): 8081 (http)
[2024-01-11 21:46:13:1091] [32m[main][0;39m [34mINFO [0;39m [1;37m[org.apache.juli.logging.DirectJDKLog.log:[33m173[0;39m][0;39m - Initializing ProtocolHandler ["http-nio-8081"]
[2024-01-11 21:46:13:1091] [32m[main][0;39m [34mINFO [0;39m [1;37m[org.apache.juli.logging.DirectJDKLog.log:[33m173[0;39m][0;39m - Starting service [Tomcat]
[2024-01-11 21:46:13:1092] [32m[main][0;39m [34mINFO [0;39m [1;37m[org.apache.juli.logging.DirectJDKLog.log:[33m173[0;39m][0;39m - Starting Servlet engine: [Apache Tomcat/10.1.15]
[2024-01-11 21:46:13:1131] [32m[main][0;39m [34mINFO [0;39m [1;37m[org.apache.juli.logging.DirectJDKLog.log:[33m173[0;39m][0;39m - Initializing Spring embedded WebApplicationContext
[2024-01-11 21:46:13:1131] [32m[main][0;39m [34mINFO [0;39m [1;37m[org.springframework.boot.web.servlet.context.ServletWebServerApplicationContext.prepareWebApplicationContext:[33m291[0;39m][0;39m - Root WebApplicationContext: initialization completed in 756 ms
[2024-01-11 21:46:13:1203] [32m[main][0;39m [34mINFO [0;39m [1;37m[org.hibernate.jpa.internal.util.LogHelper.logPersistenceUnitInformation:[33m31[0;39m][0;39m - HHH000204: Processing PersistenceUnitInfo [name: default]
[2024-01-11 21:46:13:1229] [32m[main][0;39m [34mINFO [0;39m [1;37m[org.hibernate.Version.logVersion:[33m44[0;39m][0;39m - HHH000412: Hibernate ORM core version 6.2.13.Final
[2024-01-11 21:46:13:1230] [32m[main][0;39m [34mINFO [0;39m [1;37m[org.hibernate.cfg.Environment.<clinit>:[33m191[0;39m][0;39m - HHH000406: Using bytecode reflection optimizer
[2024-01-11 21:46:13:1371] [32m[main][0;39m [34mINFO [0;39m [1;37m[org.springframework.orm.jpa.persistenceunit.SpringPersistenceUnitInfo.addTransformer:[33m87[0;39m][0;39m - No LoadTimeWeaver setup: ignoring JPA class transformer
[2024-01-11 21:46:13:1384] [32m[main][0;39m [34mINFO [0;39m [1;37m[com.zaxxer.hikari.HikariDataSource.getConnection:[33m110[0;39m][0;39m - HikariPool-1 - Starting...
[2024-01-11 21:46:13:1485] [32m[main][0;39m [34mINFO [0;39m [1;37m[com.zaxxer.hikari.pool.HikariPool.checkFailFast:[33m565[0;39m][0;39m - HikariPool-1 - Added connection conn0: url=jdbc:h2:mem:doonut-test user=SA
[2024-01-11 21:46:13:1486] [32m[main][0;39m [34mINFO [0;39m [1;37m[com.zaxxer.hikari.HikariDataSource.getConnection:[33m123[0;39m][0;39m - HikariPool-1 - Start completed.
[2024-01-11 21:46:14:2002] [32m[main][0;39m [34mINFO [0;39m [1;37m[org.hibernate.engine.transaction.jta.platform.internal.JtaPlatformInitiator.initiateService:[33m55[0;39m][0;39m - HHH000489: No JTA platform available (set 'hibernate.transaction.jta.platform' to enable JTA platform integration)
[2024-01-11 21:46:14:2003] [32m[main][0;39m [34mINFO [0;39m [1;37m[org.springframework.orm.jpa.AbstractEntityManagerFactoryBean.buildNativeEntityManagerFactory:[33m437[0;39m][0;39m - Initialized JPA EntityManagerFactory for persistence unit 'default'
[2024-01-11 21:46:14:2157] [32m[main][0;39m [34mINFO [0;39m [1;37m[org.springframework.data.jpa.repository.query.QueryEnhancerFactory.<clinit>:[33m47[0;39m][0;39m - Hibernate is in classpath; If applicable, HQL parser will be used.
[2024-01-11 21:46:14:2837] [32m[main][0;39m [34mINFO [0;39m [1;37m[org.apache.juli.logging.DirectJDKLog.log:[33m173[0;39m][0;39m - Starting ProtocolHandler ["http-nio-8081"]
[2024-01-11 21:46:14:2847] [32m[main][0;39m [34mINFO [0;39m [1;37m[org.springframework.boot.web.embedded.tomcat.TomcatWebServer.start:[33m220[0;39m][0;39m - Tomcat started on port(s): 8081 (http) with context path ''
[2024-01-11 21:46:14:2852] [32m[main][0;39m [34mINFO [0;39m [1;37m[org.springframework.boot.StartupInfoLogger.logStarted:[33m57[0;39m][0;39m - Started DoonutAppExternalApiApplicationKt in 2.768 seconds (process running for 3.098)
[2024-01-11 21:46:15:3752] [32m[http-nio-8081-exec-1][0;39m [34mINFO [0;39m [1;37m[org.apache.juli.logging.DirectJDKLog.log:[33m173[0;39m][0;39m - Initializing Spring DispatcherServlet 'dispatcherServlet'
[2024-01-11 21:46:15:3753] [32m[http-nio-8081-exec-1][0;39m [34mINFO [0;39m [1;37m[org.springframework.web.servlet.FrameworkServlet.initServletBean:[33m532[0;39m][0;39m - Initializing Servlet 'dispatcherServlet'
[2024-01-11 21:46:15:3754] [32m[http-nio-8081-exec-1][0;39m [34mINFO [0;39m [1;37m[org.springframework.web.servlet.FrameworkServlet.initServletBean:[33m554[0;39m][0;39m - Completed initialization in 0 ms
[2024-01-11 21:46:15:3765] [32m[http-nio-8081-exec-1][0;39m [34mINFO [0;39m [1;37m[com.doonutmate.example.service.LogService.log:[33m13[0;39m][0;39m - Info
